TN:
SF:src/app.ts
FN:36,(anonymous_1)
FNF:1
FNH:0
FNDA:0,(anonymous_1)
DA:1,1
DA:2,1
DA:3,1
DA:4,1
DA:5,1
DA:6,1
DA:7,1
DA:8,1
DA:9,1
DA:10,1
DA:12,1
DA:15,1
DA:16,1
DA:17,1
DA:21,1
DA:22,1
DA:25,1
DA:26,1
DA:27,1
DA:28,1
DA:29,1
DA:32,1
DA:34,1
DA:36,1
DA:37,0
DA:40,1
LF:26
LH:25
BRF:0
BRH:0
end_of_record
TN:
SF:src/index.ts
FNF:0
FNH:0
DA:4,0
LF:1
LH:0
BRF:0
BRH:0
end_of_record
TN:
SF:src/config/redisClient.ts
FN:12,(anonymous_0)
FN:15,(anonymous_1)
FN:29,(anonymous_2)
FNF:3
FNH:1
FNDA:0,(anonymous_0)
FNDA:1,(anonymous_1)
FNDA:0,(anonymous_2)
DA:1,1
DA:3,1
DA:12,1
DA:15,1
DA:16,1
DA:17,1
DA:18,1
DA:19,1
DA:20,1
DA:21,1
DA:23,0
DA:24,0
DA:29,1
DA:30,0
DA:31,0
DA:32,0
DA:34,0
DA:38,1
LF:18
LH:12
BRF:0
BRH:0
end_of_record
TN:
SF:src/controllers/CRController.ts
FN:8,(anonymous_0)
FN:73,(anonymous_1)
FN:136,(anonymous_2)
FN:191,(anonymous_3)
FN:253,(anonymous_4)
FN:312,(anonymous_5)
FN:336,(anonymous_6)
FN:386,(anonymous_7)
FNF:8
FNH:0
FNDA:0,(anonymous_0)
FNDA:0,(anonymous_1)
FNDA:0,(anonymous_2)
FNDA:0,(anonymous_3)
FNDA:0,(anonymous_4)
FNDA:0,(anonymous_5)
FNDA:0,(anonymous_6)
FNDA:0,(anonymous_7)
DA:2,1
DA:3,1
DA:5,1
DA:8,1
DA:9,0
DA:10,0
DA:12,0
DA:14,0
DA:15,0
DA:18,0
DA:19,0
DA:20,0
DA:23,0
DA:65,0
DA:67,0
DA:68,0
DA:73,1
DA:74,0
DA:75,0
DA:76,0
DA:78,0
DA:79,0
DA:83,0
DA:87,0
DA:88,0
DA:92,0
DA:96,0
DA:97,0
DA:100,0
DA:101,0
DA:102,0
DA:105,0
DA:128,0
DA:130,0
DA:131,0
DA:136,1
DA:137,0
DA:138,0
DA:139,0
DA:141,0
DA:142,0
DA:146,0
DA:150,0
DA:151,0
DA:154,0
DA:155,0
DA:156,0
DA:159,0
DA:183,0
DA:185,0
DA:186,0
DA:191,1
DA:192,0
DA:193,0
DA:194,0
DA:196,0
DA:197,0
DA:200,0
DA:209,0
DA:210,0
DA:211,0
DA:214,0
DA:215,0
DA:224,0
DA:232,0
DA:243,0
DA:248,0
DA:249,0
DA:253,1
DA:254,0
DA:255,0
DA:257,0
DA:258,0
DA:259,0
DA:262,0
DA:304,0
DA:306,0
DA:307,0
DA:312,1
DA:313,0
DA:314,0
DA:315,0
DA:317,0
DA:318,0
DA:322,0
DA:323,0
DA:327,0
DA:331,0
DA:332,0
DA:336,0
DA:338,0
DA:354,0
DA:355,0
DA:357,0
DA:358,0
DA:365,0
DA:367,0
DA:368,0
DA:375,0
DA:378,0
DA:380,0
DA:381,0
DA:386,1
DA:387,0
DA:388,0
DA:390,0
DA:429,0
DA:430,0
DA:433,0
DA:435,0
DA:436,0
LF:111
LH:10
BRDA:14,0,0,0
BRDA:19,1,0,0
BRDA:78,2,0,0
BRDA:78,3,0,0
BRDA:78,3,1,0
BRDA:78,3,2,0
BRDA:87,4,0,0
BRDA:96,5,0,0
BRDA:100,6,0,0
BRDA:141,7,0,0
BRDA:141,8,0,0
BRDA:141,8,1,0
BRDA:141,8,2,0
BRDA:150,9,0,0
BRDA:154,10,0,0
BRDA:196,11,0,0
BRDA:196,12,0,0
BRDA:196,12,1,0
BRDA:209,13,0,0
BRDA:214,14,0,0
BRDA:214,14,1,0
BRDA:258,15,0,0
BRDA:317,16,0,0
BRDA:317,17,0,0
BRDA:317,17,1,0
BRDA:322,18,0,0
BRDA:331,19,0,0
BRDA:354,20,0,0
BRDA:355,21,0,0
BRDA:355,21,1,0
BRDA:357,22,0,0
BRDA:365,23,0,0
BRDA:367,24,0,0
BRDA:429,25,0,0
BRF:34
BRH:0
end_of_record
TN:
SF:src/controllers/healthController.ts
FN:6,(anonymous_0)
FNF:1
FNH:1
FNDA:1,(anonymous_0)
DA:2,1
DA:4,1
DA:6,1
DA:7,1
DA:8,1
LF:5
LH:5
BRF:0
BRH:0
end_of_record
TN:
SF:src/controllers/newsletterController.ts
FN:4,(anonymous_9)
FN:21,(anonymous_10)
FNF:2
FNH:0
FNDA:0,(anonymous_9)
FNDA:0,(anonymous_10)
DA:2,1
DA:4,1
DA:5,0
DA:6,0
DA:8,0
DA:10,0
DA:11,0
DA:14,0
DA:15,0
DA:17,0
DA:21,1
DA:22,0
DA:23,0
DA:24,0
DA:26,0
LF:15
LH:3
BRDA:10,0,0,0
BRF:1
BRH:0
end_of_record
TN:
SF:src/controllers/productController.ts
FN:9,(anonymous_1)
FN:14,(anonymous_2)
FN:75,(anonymous_3)
FN:122,(anonymous_4)
FN:162,(anonymous_5)
FN:233,(anonymous_6)
FN:274,(anonymous_7)
FNF:7
FNH:2
FNDA:2,(anonymous_1)
FNDA:1,(anonymous_2)
FNDA:0,(anonymous_3)
FNDA:0,(anonymous_4)
FNDA:0,(anonymous_5)
FNDA:0,(anonymous_6)
FNDA:0,(anonymous_7)
DA:2,1
DA:3,1
DA:4,1
DA:5,1
DA:7,1
DA:9,2
DA:10,2
DA:11,2
DA:12,2
DA:14,1
DA:18,1
DA:59,0
DA:61,2
DA:63,2
DA:64,2
DA:68,2
DA:75,1
DA:76,0
DA:77,0
DA:80,0
DA:81,0
DA:84,0
DA:86,0
DA:88,0
DA:89,0
DA:90,0
DA:93,0
DA:97,0
DA:109,0
DA:110,0
DA:113,0
DA:115,0
DA:117,0
DA:118,0
DA:122,1
DA:123,0
DA:125,0
DA:140,0
DA:141,0
DA:144,0
DA:146,0
DA:153,0
DA:154,0
DA:162,1
DA:163,0
DA:164,0
DA:165,0
DA:167,0
DA:185,0
DA:194,0
DA:195,0
DA:198,0
DA:199,0
DA:203,0
DA:211,0
DA:218,0
DA:224,0
DA:225,0
DA:233,1
DA:234,0
DA:235,0
DA:237,0
DA:239,0
DA:254,0
DA:255,0
DA:258,0
DA:265,0
DA:266,0
DA:274,1
DA:275,0
DA:276,0
DA:278,0
DA:298,0
DA:304,0
DA:305,0
LF:75
LH:20
BRDA:29,0,0,1
BRDA:29,0,1,1
BRDA:63,1,0,2
BRDA:63,1,1,0
BRDA:64,2,0,2
BRDA:64,2,1,0
BRDA:70,3,0,2
BRDA:70,3,1,0
BRDA:80,4,0,0
BRDA:86,5,0,0
BRDA:86,5,1,0
BRDA:109,6,0,0
BRDA:140,7,0,0
BRDA:140,8,0,0
BRDA:140,8,1,0
BRDA:157,9,0,0
BRDA:157,9,1,0
BRDA:194,10,0,0
BRDA:198,11,0,0
BRDA:198,11,1,0
BRDA:199,12,0,0
BRDA:199,12,1,0
BRDA:228,13,0,0
BRDA:228,13,1,0
BRDA:254,14,0,0
BRDA:254,15,0,0
BRDA:254,15,1,0
BRDA:269,16,0,0
BRDA:269,16,1,0
BRDA:308,17,0,0
BRDA:308,17,1,0
BRF:31
BRH:5
end_of_record
TN:
SF:src/middleware/errorMiddleware.ts
FN:3,(anonymous_0)
FNF:1
FNH:0
FNDA:0,(anonymous_0)
DA:3,1
DA:9,0
DA:11,0
LF:3
LH:1
BRF:0
BRH:0
end_of_record
TN:
SF:src/middleware/metricsMiddleware.ts
FN:28,(anonymous_1)
FN:31,(anonymous_2)
FN:50,(anonymous_3)
FNF:3
FNH:2
FNDA:3,(anonymous_1)
FNDA:3,(anonymous_2)
FNDA:0,(anonymous_3)
DA:2,1
DA:4,1
DA:6,1
DA:10,1
DA:12,1
DA:19,1
DA:25,1
DA:26,1
DA:28,1
DA:29,3
DA:31,3
DA:32,3
DA:33,3
DA:34,3
DA:35,3
DA:38,3
DA:42,3
DA:47,3
DA:50,1
DA:51,0
DA:52,0
DA:53,0
DA:55,0
LF:23
LH:19
BRDA:33,0,0,3
BRDA:33,0,1,0
BRF:2
BRH:1
end_of_record
TN:
SF:src/middleware/validation.ts
FN:2,(anonymous_0)
FN:41,(anonymous_1)
FN:52,(anonymous_2)
FNF:3
FNH:3
FNDA:2,(anonymous_0)
FNDA:2,(anonymous_1)
FNDA:2,(anonymous_2)
DA:2,1
DA:3,2
DA:6,2
DA:7,0
DA:10,2
DA:11,1
DA:14,2
DA:15,1
DA:18,2
DA:19,1
DA:23,2
DA:24,0
DA:27,2
DA:28,0
DA:32,2
DA:33,1
DA:37,2
DA:38,1
DA:41,2
DA:42,2
DA:43,0
DA:47,2
DA:48,1
DA:52,1
DA:53,2
DA:54,2
DA:55,2
DA:57,0
LF:28
LH:23
BRDA:6,0,0,0
BRDA:6,1,0,2
BRDA:6,1,1,2
BRDA:10,2,0,1
BRDA:10,3,0,2
BRDA:10,3,1,1
BRDA:14,4,0,1
BRDA:14,5,0,2
BRDA:14,5,1,1
BRDA:18,6,0,1
BRDA:23,7,0,0
BRDA:23,8,0,2
BRDA:23,8,1,1
BRDA:27,9,0,0
BRDA:27,10,0,2
BRDA:27,10,1,1
BRDA:32,11,0,1
BRDA:32,12,0,2
BRDA:32,12,1,1
BRDA:37,13,0,1
BRDA:37,14,0,2
BRDA:37,14,1,1
BRDA:42,15,0,0
BRDA:42,16,0,2
BRDA:42,16,1,2
BRDA:47,17,0,1
BRF:26
BRH:22
end_of_record
TN:
SF:src/routes/comments&ReportsRoutes.ts
FNF:0
FNH:0
DA:1,1
DA:2,1
DA:4,1
DA:7,1
DA:8,1
DA:9,1
DA:10,1
DA:13,1
DA:14,1
DA:15,1
DA:17,1
LF:11
LH:11
BRF:0
BRH:0
end_of_record
TN:
SF:src/routes/healthRoutes.ts
FNF:0
FNH:0
DA:1,1
DA:2,1
DA:4,1
DA:6,1
DA:8,1
LF:5
LH:5
BRF:0
BRH:0
end_of_record
TN:
SF:src/routes/miscRoutes.ts
FNF:0
FNH:0
DA:1,1
DA:2,1
DA:3,1
DA:5,1
DA:6,1
DA:8,1
LF:6
LH:6
BRF:0
BRH:0
end_of_record
TN:
SF:src/routes/productRoutes.ts
FNF:0
FNH:0
DA:1,1
DA:2,1
DA:3,1
DA:5,1
DA:6,1
DA:7,1
DA:8,1
DA:9,1
DA:10,1
DA:12,1
LF:10
LH:10
BRF:0
BRH:0
end_of_record
TN:
SF:src/services/healthService.ts
FN:2,(anonymous_0)
FNF:1
FNH:1
FNDA:1,(anonymous_0)
DA:1,1
DA:3,1
LF:2
LH:2
BRF:0
BRH:0
end_of_record
TN:
SF:src/services/newsletterService.ts
FN:10,(anonymous_1)
FN:30,(anonymous_2)
FN:34,(anonymous_3)
FN:56,getTopProducts
FN:74,generateNewsletterContent
FN:75,(anonymous_6)
FN:159,(anonymous_7)
FN:161,(anonymous_8)
FN:215,chunks
FN:218,(anonymous_10)
FNF:10
FNH:0
FNDA:0,(anonymous_1)
FNDA:0,(anonymous_2)
FNDA:0,(anonymous_3)
FNDA:0,getTopProducts
FNDA:0,generateNewsletterContent
FNDA:0,(anonymous_6)
FNDA:0,(anonymous_7)
FNDA:0,(anonymous_8)
FNDA:0,chunks
FNDA:0,(anonymous_10)
DA:1,1
DA:2,1
DA:4,1
DA:10,1
DA:11,0
DA:12,0
DA:16,0
DA:18,0
DA:22,1
DA:30,1
DA:31,0
DA:33,0
DA:34,0
DA:37,0
DA:40,0
DA:43,0
DA:50,0
DA:52,0
DA:57,0
DA:75,0
DA:76,0
DA:83,0
DA:84,0
DA:86,0
DA:159,0
DA:161,0
DA:216,0
DA:218,0
LF:28
LH:6
BRDA:116,0,0,0
BRDA:116,0,1,0
BRF:2
BRH:0
end_of_record
TN:
SF:src/utils/userUtils.ts
FN:6,(anonymous_0)
FN:29,(anonymous_1)
FNF:2
FNH:0
FNDA:0,(anonymous_0)
FNDA:0,(anonymous_1)
DA:2,1
DA:4,1
DA:6,1
DA:7,0
DA:8,0
DA:17,0
DA:18,0
DA:21,0
DA:23,0
DA:24,0
DA:29,1
DA:30,0
DA:31,0
DA:43,0
DA:45,0
DA:46,0
LF:16
LH:4
BRDA:17,0,0,0
BRF:1
BRH:0
end_of_record
